2024-07-14 20:12:26.939875 - Generando token para el usuario: 1
2024-07-14 20:12:26.941926 - Token generado: eyJhbGciOiJIUzI1NiIsInR5cCI6IkpXVCJ9.eyJ1c2VyX2lkIjoxLCJleHAiOjE3MjEwMTY3NDYuOTM5ODc1fQ.EeJ-EZkUJbdTQ04ZOfwtJtfvCq0yoPtCdBi8-7Z0vs8
2024-07-14 20:12:26.941926 - Generado a las: 2024-07-14 20:12:26.939875
2024-07-14 20:12:26.941926 - Expira: 2024-07-15 01:12:26.939875
2024-07-14 20:12:26.941926 - Prueba de decodificación: {'user_id': 1, 'exp': 1721016746.939875}
2024-07-14 20:12:27.321678 - Token required: Bearer eyJhbGciOiJIUzI1NiIsInR5cCI6IkpXVCJ9.eyJ1c2VyX2lkIjoxLCJleHAiOjE3MjEwMTY3NDYuOTM5ODc1fQ.EeJ-EZkUJbdTQ04ZOfwtJtfvCq0yoPtCdBi8-7Z0vs8
2024-07-14 20:12:27.321678 - Checking token
2024-07-14 20:12:27.321678 - Token decodificado: {'user_id': 1, 'exp': 1721016746.939875}
2024-07-14 20:12:27.321678 - Hora actual: 2024-07-14 20:12:27.321678
2024-07-14 20:12:27.343392 - Token required: Bearer eyJhbGciOiJIUzI1NiIsInR5cCI6IkpXVCJ9.eyJ1c2VyX2lkIjoxLCJleHAiOjE3MjEwMTY3NDYuOTM5ODc1fQ.EeJ-EZkUJbdTQ04ZOfwtJtfvCq0yoPtCdBi8-7Z0vs8
2024-07-14 20:12:27.343392 - Checking token
2024-07-14 20:12:27.343392 - Token decodificado: {'user_id': 1, 'exp': 1721016746.939875}
2024-07-14 20:12:27.343392 - Hora actual: 2024-07-14 20:12:27.343392
2024-07-14 20:13:13.798092 - Generando token para el usuario: 1
2024-07-14 20:13:13.799297 - Token generado: eyJhbGciOiJIUzI1NiIsInR5cCI6IkpXVCJ9.eyJ1c2VyX2lkIjoxLCJleHAiOjE3MjEwMTY3OTMuNzk4MDkyfQ.j09AqPkQ8pV3cdf7qbw3Za1QX3tOhfF2oFvhDmZVLbg
2024-07-14 20:13:13.799297 - Generado a las: 2024-07-14 20:13:13.798092
2024-07-14 20:13:13.800445 - Expira: 2024-07-15 01:13:13.798092
2024-07-14 20:13:13.801461 - Prueba de decodificación: {'user_id': 1, 'exp': 1721016793.798092}
2024-07-14 20:13:14.183795 - Token required: Bearer eyJhbGciOiJIUzI1NiIsInR5cCI6IkpXVCJ9.eyJ1c2VyX2lkIjoxLCJleHAiOjE3MjEwMTY3OTMuNzk4MDkyfQ.j09AqPkQ8pV3cdf7qbw3Za1QX3tOhfF2oFvhDmZVLbg
2024-07-14 20:13:14.184316 - Checking token
2024-07-14 20:13:14.184316 - Token decodificado: {'user_id': 1, 'exp': 1721016793.798092}
2024-07-14 20:13:14.185792 - Hora actual: 2024-07-14 20:13:14.184316
2024-07-14 20:13:14.191501 - Token required: Bearer eyJhbGciOiJIUzI1NiIsInR5cCI6IkpXVCJ9.eyJ1c2VyX2lkIjoxLCJleHAiOjE3MjEwMTY3OTMuNzk4MDkyfQ.j09AqPkQ8pV3cdf7qbw3Za1QX3tOhfF2oFvhDmZVLbg
2024-07-14 20:13:14.193022 - Checking token
2024-07-14 20:13:14.194152 - Token decodificado: {'user_id': 1, 'exp': 1721016793.798092}
2024-07-14 20:13:14.195169 - Hora actual: 2024-07-14 20:13:14.194152
